libtd/build/intermediates/manifest_merge_blame_file/debug/manifest-merger-blame-debug-report.txt
1<?xml version="1.0" encoding="utf-8"?>
2<!--
3  ~ Copyright Aliaksei Levin (levlam@telegram.org), Arseny Smirnov (arseny30@gmail.com) 2014-2021
4  ~
5  ~ Distributed under the Boost Software License, Version 1.0. (See accompanying
6  ~ file LICENSE_1_0.txt or copy at http://www.boost.org/LICENSE_1_0.txt)
7-->
8<manifest xmlns:android="http://schemas.android.com/apk/res/android"
9    package="org.drinkless.td.libcore" >
10
11    <uses-sdk
12        android:minSdkVersion="28"
12-->src\main\AndroidManifest.xml
13        android:targetSdkVersion="33" />
13-->src\main\AndroidManifest.xml
14
15    <uses-permission android:name="android.permission.INTERNET" />
15-->src\main\AndroidManifest.xml:11:5-66
15-->src\main\AndroidManifest.xml:11:22-64
16    <uses-permission android:name="android.permission.WRITE_EXTERNAL_STORAGE" />
16-->src\main\AndroidManifest.xml:12:5-80
16-->src\main\AndroidManifest.xml:12:22-78
17
18    <application
18-->src\main\AndroidManifest.xml:13:5-17:19
19        android:allowBackup="true"
19-->src\main\AndroidManifest.xml:13:18-44
20        android:label="@string/app_name" >
20-->src\main\AndroidManifest.xml:14:9-41
21    </application>
22
23</manifest>